<?xml version="1.0" encoding="UTF-8"?>
<!-- Generated by org.testng.reporters.JUnitReportReporter -->
<testsuite hostname="LA-102" name="clearscoretest.TestMain" tests="2" failures="0" timestamp="13 Jul 2019 15:41:09 GMT" time="4.030" errors="0">
  <testcase name="Testcase1" time="4.015" classname="clearscoretest.TestMain"/>
  <testcase name="Cookiewrite" time="0.015" classname="clearscoretest.TestMain"/>
</testsuite> <!-- clearscoretest.TestMain -->
